<?xml version="1.0" encoding="UTF-8"?>
<testsuite name="hansabgroup.hansabmotorsgradle.HansabmotorsgradleApplicationTests" tests="1" skipped="0" failures="0" errors="0" timestamp="2019-02-24T15:55:00" hostname="ryans-MacBook-Pro.local" time="0.159">
  <properties/>
  <testcase name="contextLoads" classname="hansabgroup.hansabmotorsgradle.HansabmotorsgradleApplicationTests" time="0.159"/>
  <system-out><![CDATA[17:54:57.472 [Test worker] DEBUG org.springframework.test.context.junit4.SpringJUnit4ClassRunner - SpringJUnit4ClassRunner constructor called with [class hansabgroup.hansabmotorsgradle.HansabmotorsgradleApplicationTests]
17:54:57.480 [Test worker] DEBUG org.springframework.test.context.BootstrapUtils - Instantiating CacheAwareContextLoaderDelegate from class [org.springframework.test.context.cache.DefaultCacheAwareContextLoaderDelegate]
17:54:57.489 [Test worker] DEBUG org.springframework.test.context.BootstrapUtils - Instantiating BootstrapContext using constructor [public org.springframework.test.context.support.DefaultBootstrapContext(java.lang.Class,org.springframework.test.context.CacheAwareContextLoaderDelegate)]
17:54:57.505 [Test worker] DEBUG org.springframework.test.context.BootstrapUtils - Instantiating TestContextBootstrapper for test class [hansabgroup.hansabmotorsgradle.HansabmotorsgradleApplicationTests] from class [org.springframework.boot.test.context.SpringBootTestContextBootstrapper]
17:54:57.518 [Test worker] INFO org.springframework.boot.test.context.SpringBootTestContextBootstrapper - Neither @ContextConfiguration nor @ContextHierarchy found for test class [hansabgroup.hansabmotorsgradle.HansabmotorsgradleApplicationTests], using SpringBootContextLoader
17:54:57.521 [Test worker] DEBUG org.springframework.test.context.support.AbstractContextLoader - Did not detect default resource location for test class [hansabgroup.hansabmotorsgradle.HansabmotorsgradleApplicationTests]: class path resource [hansabgroup/hansabmotorsgradle/HansabmotorsgradleApplicationTests-context.xml] does not exist
17:54:57.522 [Test worker] DEBUG org.springframework.test.context.support.AbstractContextLoader - Did not detect default resource location for test class [hansabgroup.hansabmotorsgradle.HansabmotorsgradleApplicationTests]: class path resource [hansabgroup/hansabmotorsgradle/HansabmotorsgradleApplicationTestsContext.groovy] does not exist
17:54:57.522 [Test worker] INFO org.springframework.test.context.support.AbstractContextLoader - Could not detect default resource locations for test class [hansabgroup.hansabmotorsgradle.HansabmotorsgradleApplicationTests]: no resource found for suffixes {-context.xml, Context.groovy}.
17:54:57.523 [Test worker] INFO org.springframework.test.context.support.AnnotationConfigContextLoaderUtils - Could not detect default configuration classes for test class [hansabgroup.hansabmotorsgradle.HansabmotorsgradleApplicationTests]: HansabmotorsgradleApplicationTests does not declare any static, non-private, non-final, nested classes annotated with @Configuration.
17:54:57.571 [Test worker] DEBUG org.springframework.test.context.support.ActiveProfilesUtils - Could not find an 'annotation declaring class' for annotation type [org.springframework.test.context.ActiveProfiles] and class [hansabgroup.hansabmotorsgradle.HansabmotorsgradleApplicationTests]
17:54:57.642 [Test worker] DEBUG org.springframework.context.annotation.ClassPathScanningCandidateComponentProvider - Identified candidate component class: file [/Users/Alex/IdeaProjects/hansabmotorsgradle/build/classes/java/main/hansabgroup/hansabmotorsgradle/HansabmotorsgradleApplication.class]
17:54:57.644 [Test worker] INFO org.springframework.boot.test.context.SpringBootTestContextBootstrapper - Found @SpringBootConfiguration hansabgroup.hansabmotorsgradle.HansabmotorsgradleApplication for test class hansabgroup.hansabmotorsgradle.HansabmotorsgradleApplicationTests
17:54:57.750 [Test worker] DEBUG org.springframework.boot.test.context.SpringBootTestContextBootstrapper - @TestExecutionListeners is not present for class [hansabgroup.hansabmotorsgradle.HansabmotorsgradleApplicationTests]: using defaults.
17:54:57.750 [Test worker] INFO org.springframework.boot.test.context.SpringBootTestContextBootstrapper - Loaded default TestExecutionListener class names from location [META-INF/spring.factories]: [org.springframework.boot.test.autoconfigure.restdocs.RestDocsTestExecutionListener, org.springframework.boot.test.autoconfigure.web.client.MockRestServiceServerResetTestExecutionListener, org.springframework.boot.test.autoconfigure.web.servlet.MockMvcPrintOnlyOnFailureTestExecutionListener, org.springframework.boot.test.autoconfigure.web.servlet.WebDriverTestExecutionListener, org.springframework.boot.test.mock.mockito.MockitoTestExecutionListener, org.springframework.boot.test.mock.mockito.ResetMocksTestExecutionListener, org.springframework.test.context.web.ServletTestExecutionListener, org.springframework.test.context.support.DirtiesContextBeforeModesTestExecutionListener, org.springframework.test.context.support.DependencyInjectionTestExecutionListener, org.springframework.test.context.support.DirtiesContextTestExecutionListener, org.springframework.test.context.transaction.TransactionalTestExecutionListener, org.springframework.test.context.jdbc.SqlScriptsTestExecutionListener]
17:54:57.762 [Test worker] DEBUG org.springframework.boot.test.context.SpringBootTestContextBootstrapper - Skipping candidate TestExecutionListener [org.springframework.test.context.transaction.TransactionalTestExecutionListener] due to a missing dependency. Specify custom listener classes or make the default listener classes and their required dependencies available. Offending class: [org/springframework/transaction/interceptor/TransactionAttributeSource]
17:54:57.763 [Test worker] DEBUG org.springframework.boot.test.context.SpringBootTestContextBootstrapper - Skipping candidate TestExecutionListener [org.springframework.test.context.jdbc.SqlScriptsTestExecutionListener] due to a missing dependency. Specify custom listener classes or make the default listener classes and their required dependencies available. Offending class: [org/springframework/transaction/interceptor/TransactionAttribute]
17:54:57.763 [Test worker] INFO org.springframework.boot.test.context.SpringBootTestContextBootstrapper - Using TestExecutionListeners: [org.springframework.test.context.web.ServletTestExecutionListener@6183b150, org.springframework.test.context.support.DirtiesContextBeforeModesTestExecutionListener@9a715c4, org.springframework.boot.test.mock.mockito.MockitoTestExecutionListener@4c346bb6, org.springframework.boot.test.autoconfigure.SpringBootDependencyInjectionTestExecutionListener@1dd5dd31, org.springframework.test.context.support.DirtiesContextTestExecutionListener@61a0f6ea, org.springframework.boot.test.autoconfigure.restdocs.RestDocsTestExecutionListener@5018d62f, org.springframework.boot.test.autoconfigure.web.client.MockRestServiceServerResetTestExecutionListener@3f1e6e41, org.springframework.boot.test.autoconfigure.web.servlet.MockMvcPrintOnlyOnFailureTestExecutionListener@c1100c6, org.springframework.boot.test.autoconfigure.web.servlet.WebDriverTestExecutionListener@6ae0b008, org.springframework.boot.test.mock.mockito.ResetMocksTestExecutionListener@7cdfaad5]
17:54:57.766 [Test worker] DEBUG org.springframework.test.annotation.ProfileValueUtils - Retrieved @ProfileValueSourceConfiguration [null] for test class [hansabgroup.hansabmotorsgradle.HansabmotorsgradleApplicationTests]
17:54:57.766 [Test worker] DEBUG org.springframework.test.annotation.ProfileValueUtils - Retrieved ProfileValueSource type [class org.springframework.test.annotation.SystemProfileValueSource] for class [hansabgroup.hansabmotorsgradle.HansabmotorsgradleApplicationTests]
17:54:57.767 [Test worker] DEBUG org.springframework.test.annotation.ProfileValueUtils - Retrieved @ProfileValueSourceConfiguration [null] for test class [hansabgroup.hansabmotorsgradle.HansabmotorsgradleApplicationTests]
17:54:57.767 [Test worker] DEBUG org.springframework.test.annotation.ProfileValueUtils - Retrieved ProfileValueSource type [class org.springframework.test.annotation.SystemProfileValueSource] for class [hansabgroup.hansabmotorsgradle.HansabmotorsgradleApplicationTests]
17:54:57.770 [Test worker] DEBUG org.springframework.test.context.support.AbstractDirtiesContextTestExecutionListener - Before test class: context [DefaultTestContext@4729d592 testClass = HansabmotorsgradleApplicationTests, testInstance = [null], testMethod = [null], testException = [null], mergedContextConfiguration = [WebMergedContextConfiguration@5d553f34 testClass = HansabmotorsgradleApplicationTests, locations = '{}', classes = '{class hansabgroup.hansabmotorsgradle.HansabmotorsgradleApplication}', contextInitializerClasses = '[]', activeProfiles = '{}', propertySourceLocations = '{}', propertySourceProperties = '{org.springframework.boot.test.context.SpringBootTestContextBootstrapper=true}', contextCustomizers = set[org.springframework.boot.test.autoconfigure.properties.PropertyMappingContextCustomizer@0, org.springframework.boot.test.autoconfigure.web.servlet.WebDriverContextCustomizerFactory$Customizer@767d85ef, org.springframework.boot.test.context.filter.ExcludeFilterContextCustomizer@3702afd4, org.springframework.boot.test.json.DuplicateJsonObjectContextCustomizerFactory$DuplicateJsonObjectContextCustomizer@73ce505b, org.springframework.boot.test.mock.mockito.MockitoContextCustomizer@0, org.springframework.boot.test.web.client.TestRestTemplateContextCustomizer@978cade], resourceBasePath = 'src/main/webapp', contextLoader = 'org.springframework.boot.test.context.SpringBootContextLoader', parent = [null]], attributes = map['org.springframework.test.context.web.ServletTestExecutionListener.activateListener' -> true]], class annotated with @DirtiesContext [false] with mode [null].
17:54:57.771 [Test worker] DEBUG org.springframework.test.annotation.ProfileValueUtils - Retrieved @ProfileValueSourceConfiguration [null] for test class [hansabgroup.hansabmotorsgradle.HansabmotorsgradleApplicationTests]
17:54:57.771 [Test worker] DEBUG org.springframework.test.annotation.ProfileValueUtils - Retrieved ProfileValueSource type [class org.springframework.test.annotation.SystemProfileValueSource] for class [hansabgroup.hansabmotorsgradle.HansabmotorsgradleApplicationTests]
17:54:57.793 [Test worker] DEBUG org.springframework.test.context.support.TestPropertySourceUtils - Adding inlined properties to environment: {spring.jmx.enabled=false, org.springframework.boot.test.context.SpringBootTestContextBootstrapper=true, server.port=-1}

  .   ____          _            __ _ _
 /\\ / ___'_ __ _ _(_)_ __  __ _ \ \ \ \
( ( )\___ | '_ | '_| | '_ \/ _` | \ \ \ \
 \\/  ___)| |_)| | | | | || (_| |  ) ) ) )
  '  |____| .__|_| |_|_| |_\__, | / / / /
 =========|_|==============|___/=/_/_/_/
 :: Spring Boot ::        (v2.1.3.RELEASE)

2019-02-24 17:54:58.188  INFO 36472 --- [    Test worker] h.h.HansabmotorsgradleApplicationTests   : Starting HansabmotorsgradleApplicationTests on ryans-MacBook-Pro.local with PID 36472 (started by Alex in /Users/Alex/IdeaProjects/hansabmotorsgradle)
2019-02-24 17:54:58.190  INFO 36472 --- [    Test worker] h.h.HansabmotorsgradleApplicationTests   : No active profile set, falling back to default profiles: default
2019-02-24 17:54:59.655  INFO 36472 --- [    Test worker] o.s.s.concurrent.ThreadPoolTaskExecutor  : Initializing ExecutorService 'applicationTaskExecutor'
2019-02-24 17:55:00.205  INFO 36472 --- [    Test worker] h.h.HansabmotorsgradleApplicationTests   : Started HansabmotorsgradleApplicationTests in 2.402 seconds (JVM running for 3.267)
]]></system-out>
  <system-err><![CDATA[]]></system-err>
</testsuite>
